app/build/intermediates/manifest_merge_blame_file/release/manifest-merger-blame-release-report.txt
1<?xml version="1.0" encoding="utf-8"?>
2<manifest xmlns:android="http://schemas.android.com/apk/res/android"
3    package="com.moodle.golearn"
4    android:hardwareAccelerated="true"
5    android:versionCode="43001"
6    android:versionName="4.3.0" >
7
8    <uses-sdk
9        android:minSdkVersion="22"
9-->src\main\AndroidManifest.xml
10        android:targetSdkVersion="34" />
10-->src\main\AndroidManifest.xml
11
12    <supports-screens
12-->src\main\AndroidManifest.xml:3:5-191
13        android:anyDensity="true"
13-->src\main\AndroidManifest.xml:3:23-48
14        android:largeScreens="true"
14-->src\main\AndroidManifest.xml:3:49-76
15        android:normalScreens="true"
15-->src\main\AndroidManifest.xml:3:77-105
16        android:resizeable="true"
16-->src\main\AndroidManifest.xml:3:106-131
17        android:smallScreens="true"
17-->src\main\AndroidManifest.xml:3:132-159
18        android:xlargeScreens="true" />
18-->src\main\AndroidManifest.xml:3:160-188
19
20    <uses-permission android:name="android.permission.INTERNET" />
20-->src\main\AndroidManifest.xml:4:5-67
20-->src\main\AndroidManifest.xml:4:22-64
21
22    <uses-feature
22-->src\main\AndroidManifest.xml:67:5-88
23        android:name="android.hardware.bluetooth"
23-->src\main\AndroidManifest.xml:67:19-60
24        android:required="false" />
24-->src\main\AndroidManifest.xml:67:61-85
25
26    <uses-permission android:name="android.permission.MODIFY_AUDIO_SETTINGS" />
26-->src\main\AndroidManifest.xml:68:5-80
26-->src\main\AndroidManifest.xml:68:22-77
27
28    <queries>
28-->src\main\AndroidManifest.xml:69:5-83:15
29        <intent>
29-->src\main\AndroidManifest.xml:70:9-72:18
30            <action android:name="android.media.action.IMAGE_CAPTURE" />
30-->src\main\AndroidManifest.xml:71:13-73
30-->src\main\AndroidManifest.xml:71:21-70
31        </intent>
32        <intent>
32-->src\main\AndroidManifest.xml:73:9-75:18
33            <action android:name="android.intent.action.GET_CONTENT" />
33-->src\main\AndroidManifest.xml:74:13-72
33-->src\main\AndroidManifest.xml:74:21-69
34        </intent>
35        <intent>
35-->src\main\AndroidManifest.xml:76:9-78:18
36            <action android:name="android.intent.action.PICK" />
36-->src\main\AndroidManifest.xml:77:13-65
36-->src\main\AndroidManifest.xml:77:21-62
37        </intent>
38        <intent>
38-->src\main\AndroidManifest.xml:79:9-82:18
39            <action android:name="com.android.camera.action.CROP" />
39-->src\main\AndroidManifest.xml:80:13-69
39-->src\main\AndroidManifest.xml:80:21-66
40
41            <data
41-->src\main\AndroidManifest.xml:15:17-49
42                android:mimeType="image/*"
42-->src\main\AndroidManifest.xml:81:19-45
43                android:scheme="content" />
43-->src\main\AndroidManifest.xml:15:23-46
44        </intent>
45    </queries>
46
47    <uses-permission android:name="android.permission.WRITE_EXTERNAL_STORAGE" />
47-->src\main\AndroidManifest.xml:84:5-81
47-->src\main\AndroidManifest.xml:84:22-78
48    <uses-permission android:name="android.permission.ACCESS_NETWORK_STATE" />
48-->src\main\AndroidManifest.xml:85:5-79
48-->src\main\AndroidManifest.xml:85:22-76
49    <uses-permission android:name="android.permission.READ_MEDIA_IMAGES" />
49-->src\main\AndroidManifest.xml:86:5-76
49-->src\main\AndroidManifest.xml:86:22-73
50    <uses-permission android:name="android.permission.READ_MEDIA_VIDEO" />
50-->src\main\AndroidManifest.xml:87:5-75
50-->src\main\AndroidManifest.xml:87:22-72
51    <uses-permission android:name="android.permission.READ_EXTERNAL_STORAGE" />
51-->src\main\AndroidManifest.xml:88:5-80
51-->src\main\AndroidManifest.xml:88:22-77
52    <uses-permission android:name="android.permission.ACCESS_COARSE_LOCATION" />
52-->src\main\AndroidManifest.xml:89:5-81
52-->src\main\AndroidManifest.xml:89:22-78
53    <uses-permission android:name="android.permission.ACCESS_FINE_LOCATION" />
53-->src\main\AndroidManifest.xml:90:5-79
53-->src\main\AndroidManifest.xml:90:22-76
54
55    <uses-feature
55-->src\main\AndroidManifest.xml:91:5-91
56        android:name="android.hardware.location.gps"
56-->src\main\AndroidManifest.xml:91:19-63
57        android:required="false" />
57-->src\main\AndroidManifest.xml:91:64-88
58
59    <uses-permission android:name="android.permission.RECEIVE_BOOT_COMPLETED" />
59-->src\main\AndroidManifest.xml:92:5-81
59-->src\main\AndroidManifest.xml:92:22-78
60    <uses-permission android:name="android.permission.WAKE_LOCK" />
60-->src\main\AndroidManifest.xml:93:5-68
60-->src\main\AndroidManifest.xml:93:22-65
61    <uses-permission android:name="android.permission.SCHEDULE_EXACT_ALARM" />
61-->src\main\AndroidManifest.xml:94:5-79
61-->src\main\AndroidManifest.xml:94:22-76
62    <uses-permission android:name="android.permission.POST_NOTIFICATIONS" />
62-->src\main\AndroidManifest.xml:95:5-77
62-->src\main\AndroidManifest.xml:95:22-74
63    <uses-permission android:name="android.permission.RECORD_AUDIO" />
63-->src\main\AndroidManifest.xml:96:5-71
63-->src\main\AndroidManifest.xml:96:22-68
64    <uses-permission android:name="android.permission.RECORD_VIDEO" />
64-->src\main\AndroidManifest.xml:97:5-71
64-->src\main\AndroidManifest.xml:97:22-68
65    <uses-permission
65-->src\main\AndroidManifest.xml:98:5-90
66        android:name="android.permission.CAMERA"
66-->src\main\AndroidManifest.xml:98:22-62
67        android:required="false" />
67-->src\main\AndroidManifest.xml:98:63-87
68
69    <uses-feature
69-->src\main\AndroidManifest.xml:99:5-85
70        android:name="android.hardware.camera"
70-->src\main\AndroidManifest.xml:99:19-57
71        android:required="false" />
71-->src\main\AndroidManifest.xml:99:58-82
72    <uses-feature
72-->src\main\AndroidManifest.xml:100:5-91
73        android:name="android.hardware.camera.front"
73-->src\main\AndroidManifest.xml:100:19-63
74        android:required="false" />
74-->src\main\AndroidManifest.xml:100:64-88
75
76    <uses-permission android:name="android.permission.VIBRATE" />
76-->src\main\AndroidManifest.xml:101:5-66
76-->src\main\AndroidManifest.xml:101:22-63
77    <uses-permission android:name="com.moodle.golearn.permission.PushHandlerActivity" />
77-->src\main\AndroidManifest.xml:102:22-84
78    <uses-permission android:name="com.moodle.golearn.permission.BackgroundHandlerActivity" />
78-->src\main\AndroidManifest.xml:103:22-90
79
80    <permission
81        android:name="com.moodle.golearn.permission.PushHandlerActivity"
81-->src\main\AndroidManifest.xml:104:17-79
82        android:protectionLevel="signature" />
82-->src\main\AndroidManifest.xml:104:80-115
83    <permission
84        android:name="com.moodle.golearn.permission.BackgroundHandlerActivity"
84-->src\main\AndroidManifest.xml:105:17-85
85        android:protectionLevel="signature" />
85-->src\main\AndroidManifest.xml:105:86-121
86
87    <uses-permission android:name="android.permission.BLUETOOTH" />
87-->src\main\AndroidManifest.xml:106:5-68
87-->src\main\AndroidManifest.xml:106:22-65
88    <uses-permission android:name="android.permission.USE_BIOMETRIC" />
88-->src\main\AndroidManifest.xml:107:5-72
88-->src\main\AndroidManifest.xml:107:22-69
89    <uses-permission android:name="android.permission.USE_FINGERPRINT" />
89-->src\main\AndroidManifest.xml:108:5-74
89-->src\main\AndroidManifest.xml:108:22-71
90
91    <queries>
91-->src\main\AndroidManifest.xml:69:5-83:15
92        <intent>
92-->src\main\AndroidManifest.xml:70:9-72:18
93            <action android:name="android.media.action.IMAGE_CAPTURE" />
93-->src\main\AndroidManifest.xml:71:13-73
93-->src\main\AndroidManifest.xml:71:21-70
94        </intent>
95        <intent>
95-->src\main\AndroidManifest.xml:73:9-75:18
96            <action android:name="android.intent.action.GET_CONTENT" />
96-->src\main\AndroidManifest.xml:74:13-72
96-->src\main\AndroidManifest.xml:74:21-69
97        </intent>
98    </queries>
99    <!-- for android -->
100    <!-- <uses-permission android:name="com.android.launcher.permission.READ_SETTINGS"/> -->
101    <!-- <uses-permission android:name="com.android.launcher.permission.WRITE_SETTINGS"/> -->
102    <!-- <uses-permission android:name="com.android.launcher.permission.INSTALL_SHORTCUT" /> -->
103    <!-- <uses-permission android:name="com.android.launcher.permission.UNINSTALL_SHORTCUT" /> -->
104    <!-- for Samsung -->
105    <uses-permission android:name="com.sec.android.provider.badge.permission.READ" />
105-->[me.leolin:ShortcutBadger:1.1.22] AndroidManifest.xml:19:5-86
105-->[me.leolin:ShortcutBadger:1.1.22] AndroidManifest.xml:19:22-83
106    <uses-permission android:name="com.sec.android.provider.badge.permission.WRITE" /> <!-- for htc -->
106-->[me.leolin:ShortcutBadger:1.1.22] AndroidManifest.xml:20:5-87
106-->[me.leolin:ShortcutBadger:1.1.22] AndroidManifest.xml:20:22-84
107    <uses-permission android:name="com.htc.launcher.permission.READ_SETTINGS" />
107-->[me.leolin:ShortcutBadger:1.1.22] AndroidManifest.xml:23:5-81
107-->[me.leolin:ShortcutBadger:1.1.22] AndroidManifest.xml:23:22-78
108    <uses-permission android:name="com.htc.launcher.permission.UPDATE_SHORTCUT" /> <!-- for sony -->
108-->[me.leolin:ShortcutBadger:1.1.22] AndroidManifest.xml:24:5-83
108-->[me.leolin:ShortcutBadger:1.1.22] AndroidManifest.xml:24:22-80
109    <uses-permission android:name="com.sonyericsson.home.permission.BROADCAST_BADGE" />
109-->[me.leolin:ShortcutBadger:1.1.22] AndroidManifest.xml:27:5-88
109-->[me.leolin:ShortcutBadger:1.1.22] AndroidManifest.xml:27:22-85
110    <uses-permission android:name="com.sonymobile.home.permission.PROVIDER_INSERT_BADGE" /> <!-- for apex -->
110-->[me.leolin:ShortcutBadger:1.1.22] AndroidManifest.xml:28:5-92
110-->[me.leolin:ShortcutBadger:1.1.22] AndroidManifest.xml:28:22-89
111    <uses-permission android:name="com.anddoes.launcher.permission.UPDATE_COUNT" /> <!-- for solid -->
111-->[me.leolin:ShortcutBadger:1.1.22] AndroidManifest.xml:31:5-84
111-->[me.leolin:ShortcutBadger:1.1.22] AndroidManifest.xml:31:22-81
112    <uses-permission android:name="com.majeur.launcher.permission.UPDATE_BADGE" /> <!-- for huawei -->
112-->[me.leolin:ShortcutBadger:1.1.22] AndroidManifest.xml:34:5-83
112-->[me.leolin:ShortcutBadger:1.1.22] AndroidManifest.xml:34:22-80
113    <uses-permission android:name="com.huawei.android.launcher.permission.CHANGE_BADGE" />
113-->[me.leolin:ShortcutBadger:1.1.22] AndroidManifest.xml:37:5-91
113-->[me.leolin:ShortcutBadger:1.1.22] AndroidManifest.xml:37:22-88
114    <uses-permission android:name="com.huawei.android.launcher.permission.READ_SETTINGS" />
114-->[me.leolin:ShortcutBadger:1.1.22] AndroidManifest.xml:38:5-92
114-->[me.leolin:ShortcutBadger:1.1.22] AndroidManifest.xml:38:22-89
115    <uses-permission android:name="com.huawei.android.launcher.permission.WRITE_SETTINGS" /> <!-- for ZUK -->
115-->[me.leolin:ShortcutBadger:1.1.22] AndroidManifest.xml:39:5-93
115-->[me.leolin:ShortcutBadger:1.1.22] AndroidManifest.xml:39:22-90
116    <uses-permission android:name="android.permission.READ_APP_BADGE" /> <!-- for OPPO -->
116-->[me.leolin:ShortcutBadger:1.1.22] AndroidManifest.xml:42:5-73
116-->[me.leolin:ShortcutBadger:1.1.22] AndroidManifest.xml:42:22-70
117    <uses-permission android:name="com.oppo.launcher.permission.READ_SETTINGS" />
117-->[me.leolin:ShortcutBadger:1.1.22] AndroidManifest.xml:45:5-82
117-->[me.leolin:ShortcutBadger:1.1.22] AndroidManifest.xml:45:22-79
118    <uses-permission android:name="com.oppo.launcher.permission.WRITE_SETTINGS" /> <!-- for EvMe -->
118-->[me.leolin:ShortcutBadger:1.1.22] AndroidManifest.xml:46:5-83
118-->[me.leolin:ShortcutBadger:1.1.22] AndroidManifest.xml:46:22-80
119    <uses-permission android:name="me.everything.badger.permission.BADGE_COUNT_READ" />
119-->[me.leolin:ShortcutBadger:1.1.22] AndroidManifest.xml:49:5-88
119-->[me.leolin:ShortcutBadger:1.1.22] AndroidManifest.xml:49:22-85
120    <uses-permission android:name="me.everything.badger.permission.BADGE_COUNT_WRITE" /> <!-- TODO replace above two with next line after Android 4.2 -->
120-->[me.leolin:ShortcutBadger:1.1.22] AndroidManifest.xml:50:5-89
120-->[me.leolin:ShortcutBadger:1.1.22] AndroidManifest.xml:50:22-86
121    <!-- <uses-feature android:name="android.hardware.camera.any"/> -->
122    <uses-feature
122-->[com.journeyapps:zxing-android-embedded:3.3.0] AndroidManifest.xml:32:5-34:36
123        android:name="android.hardware.camera.autofocus"
123-->[com.journeyapps:zxing-android-embedded:3.3.0] AndroidManifest.xml:33:9-57
124        android:required="false" />
124-->[com.journeyapps:zxing-android-embedded:3.3.0] AndroidManifest.xml:34:9-33
125    <uses-feature
125-->[com.journeyapps:zxing-android-embedded:3.3.0] AndroidManifest.xml:35:5-37:36
126        android:name="android.hardware.camera.flash"
126-->[com.journeyapps:zxing-android-embedded:3.3.0] AndroidManifest.xml:36:9-53
127        android:required="false" />
127-->[com.journeyapps:zxing-android-embedded:3.3.0] AndroidManifest.xml:37:9-33
128    <uses-feature
128-->[com.journeyapps:zxing-android-embedded:3.3.0] AndroidManifest.xml:38:5-40:36
129        android:name="android.hardware.screen.landscape"
129-->[com.journeyapps:zxing-android-embedded:3.3.0] AndroidManifest.xml:39:9-57
130        android:required="false" />
130-->[com.journeyapps:zxing-android-embedded:3.3.0] AndroidManifest.xml:40:9-33
131    <uses-feature
131-->[com.journeyapps:zxing-android-embedded:3.3.0] AndroidManifest.xml:41:5-43:36
132        android:name="android.hardware.wifi"
132-->[com.journeyapps:zxing-android-embedded:3.3.0] AndroidManifest.xml:42:9-45
133        android:required="false" /> <!-- Required by older versions of Google Play services to create IID tokens -->
133-->[com.journeyapps:zxing-android-embedded:3.3.0] AndroidManifest.xml:43:9-33
134    <uses-permission android:name="com.google.android.c2dm.permission.RECEIVE" />
134-->[com.google.firebase:firebase-messaging:23.4.1] AndroidManifest.xml:26:5-82
134-->[com.google.firebase:firebase-messaging:23.4.1] AndroidManifest.xml:26:22-79
135    <uses-permission android:name="com.google.android.gms.permission.AD_ID" />
135-->[com.google.android.gms:play-services-measurement-api:21.1.0] AndroidManifest.xml:25:5-79
135-->[com.google.android.gms:play-services-measurement-api:21.1.0] AndroidManifest.xml:25:22-76
136    <uses-permission android:name="com.google.android.finsky.permission.BIND_GET_INSTALL_REFERRER_SERVICE" />
136-->[com.google.android.gms:play-services-measurement:21.1.0] AndroidManifest.xml:26:5-110
136-->[com.google.android.gms:play-services-measurement:21.1.0] AndroidManifest.xml:26:22-107
137
138    <application
138-->src\main\AndroidManifest.xml:5:5-66:19
139        android:allowBackup="true"
139-->src\main\AndroidManifest.xml:5:18-44
140        android:appComponentFactory="androidx.core.app.CoreComponentFactory"
140-->[androidx.core:core:1.7.0] AndroidManifest.xml:24:18-86
141        android:dataExtractionRules="@xml/backup_rules"
141-->src\main\AndroidManifest.xml:5:45-92
142        android:hardwareAccelerated="true"
142-->src\main\AndroidManifest.xml:5:93-127
143        android:icon="@mipmap/ic_launcher"
143-->src\main\AndroidManifest.xml:5:128-162
144        android:label="@string/app_name"
144-->src\main\AndroidManifest.xml:5:163-195
145        android:largeHeap="true"
145-->src\main\AndroidManifest.xml:5:196-220
146        android:networkSecurityConfig="@xml/network_security_config"
146-->src\main\AndroidManifest.xml:5:221-281
147        android:supportsRtl="true" >
147-->src\main\AndroidManifest.xml:5:282-308
148        <activity
148-->src\main\AndroidManifest.xml:6:9-27:20
149            android:name="com.moodle.golearn.MainActivity"
149-->src\main\AndroidManifest.xml:6:222-268
150            android:configChanges="orientation|keyboardHidden|keyboard|screenSize|locale|screenLayout|smallestScreenSize"
150-->src\main\AndroidManifest.xml:6:19-128
151            android:exported="true"
151-->src\main\AndroidManifest.xml:6:129-152
152            android:label="@string/activity_name"
152-->src\main\AndroidManifest.xml:6:153-190
153            android:launchMode="singleTop"
153-->src\main\AndroidManifest.xml:6:191-221
154            android:theme="@style/Theme.App.SplashScreen"
154-->src\main\AndroidManifest.xml:6:269-314
155            android:windowSoftInputMode="adjustResize" >
155-->src\main\AndroidManifest.xml:6:315-357
156            <intent-filter android:label="@string/launcher_name" >
156-->src\main\AndroidManifest.xml:7:13-10:29
156-->src\main\AndroidManifest.xml:7:28-65
157                <action android:name="android.intent.action.MAIN" />
157-->src\main\AndroidManifest.xml:8:17-69
157-->src\main\AndroidManifest.xml:8:25-66
158
159                <category android:name="android.intent.category.LAUNCHER" />
159-->src\main\AndroidManifest.xml:9:17-77
159-->src\main\AndroidManifest.xml:9:27-74
160            </intent-filter>
161            <intent-filter>
161-->src\main\AndroidManifest.xml:11:13-16:29
162                <action android:name="android.intent.action.VIEW" />
162-->src\main\AndroidManifest.xml:12:17-69
162-->src\main\AndroidManifest.xml:12:25-66
163
164                <category android:name="android.intent.category.DEFAULT" />
164-->src\main\AndroidManifest.xml:13:17-76
164-->src\main\AndroidManifest.xml:13:27-73
165                <category android:name="android.intent.category.BROWSABLE" />
165-->src\main\AndroidManifest.xml:14:17-78
165-->src\main\AndroidManifest.xml:14:27-75
166
167                <data android:scheme="mmkemi" />
167-->src\main\AndroidManifest.xml:15:17-49
167-->src\main\AndroidManifest.xml:15:23-46
168            </intent-filter>
169            <intent-filter>
169-->src\main\AndroidManifest.xml:17:13-22:29
170                <action android:name="android.intent.action.VIEW" />
170-->src\main\AndroidManifest.xml:12:17-69
170-->src\main\AndroidManifest.xml:12:25-66
171
172                <category android:name="android.intent.category.DEFAULT" />
172-->src\main\AndroidManifest.xml:13:17-76
172-->src\main\AndroidManifest.xml:13:27-73
173                <category android:name="android.intent.category.BROWSABLE" />
173-->src\main\AndroidManifest.xml:14:17-78
173-->src\main\AndroidManifest.xml:14:27-75
174
175                <data
175-->src\main\AndroidManifest.xml:15:17-49
176                    android:host=" "
176-->src\main\AndroidManifest.xml:21:23-39
177                    android:pathPrefix="/"
177-->src\main\AndroidManifest.xml:21:40-62
178                    android:scheme=" " />
178-->src\main\AndroidManifest.xml:15:23-46
179            </intent-filter>
180            <intent-filter>
180-->src\main\AndroidManifest.xml:23:13-26:29
181                <action android:name="com.darryncampbell.cordova.plugin.intent.ACTION" />
181-->src\main\AndroidManifest.xml:24:17-90
181-->src\main\AndroidManifest.xml:24:25-87
182
183                <category android:name="android.intent.category.DEFAULT" />
183-->src\main\AndroidManifest.xml:13:17-76
183-->src\main\AndroidManifest.xml:13:27-73
184            </intent-filter>
185        </activity>
186
187        <provider
188            android:name="de.appplant.cordova.plugin.notification.util.AssetProvider"
188-->src\main\AndroidManifest.xml:28:146-219
189            android:authorities="com.moodle.golearn.localnotifications.provider"
189-->src\main\AndroidManifest.xml:28:19-85
190            android:exported="false"
190-->src\main\AndroidManifest.xml:28:86-110
191            android:grantUriPermissions="true" >
191-->src\main\AndroidManifest.xml:28:111-145
192            <meta-data
192-->src\main\AndroidManifest.xml:29:13-134
193                android:name="android.support.FILE_PROVIDER_PATHS"
193-->src\main\AndroidManifest.xml:29:24-74
194                android:resource="@xml/localnotification_provider_paths" />
194-->src\main\AndroidManifest.xml:29:75-131
195        </provider>
196
197        <receiver
197-->src\main\AndroidManifest.xml:31:9-122
198            android:name="de.appplant.cordova.plugin.localnotification.TriggerReceiver"
198-->src\main\AndroidManifest.xml:31:44-119
199            android:exported="false" />
199-->src\main\AndroidManifest.xml:31:19-43
200        <receiver
200-->src\main\AndroidManifest.xml:32:9-120
201            android:name="de.appplant.cordova.plugin.localnotification.ClearReceiver"
201-->src\main\AndroidManifest.xml:32:44-117
202            android:exported="false" />
202-->src\main\AndroidManifest.xml:32:19-43
203
204        <service
204-->src\main\AndroidManifest.xml:33:9-119
205            android:name="de.appplant.cordova.plugin.localnotification.ClickReceiver"
205-->src\main\AndroidManifest.xml:33:43-116
206            android:exported="false" />
206-->src\main\AndroidManifest.xml:33:18-42
207
208        <receiver
208-->src\main\AndroidManifest.xml:34:9-39:20
209            android:name="de.appplant.cordova.plugin.localnotification.RestoreReceiver"
209-->src\main\AndroidManifest.xml:34:75-150
210            android:directBootAware="true"
210-->src\main\AndroidManifest.xml:34:19-49
211            android:exported="false" >
211-->src\main\AndroidManifest.xml:34:50-74
212            <intent-filter>
212-->src\main\AndroidManifest.xml:35:13-38:29
213                <action android:name="android.intent.action.LOCKED_BOOT_COMPLETED" />
213-->src\main\AndroidManifest.xml:36:17-86
213-->src\main\AndroidManifest.xml:36:25-83
214                <action android:name="android.intent.action.BOOT_COMPLETED" />
214-->src\main\AndroidManifest.xml:37:17-79
214-->src\main\AndroidManifest.xml:37:25-76
215            </intent-filter>
216        </receiver>
217
218        <provider
219            android:name="org.apache.cordova.camera.FileProvider"
219-->src\main\AndroidManifest.xml:40:149-202
220            android:authorities="com.moodle.golearn.cordova.plugin.camera.provider"
220-->src\main\AndroidManifest.xml:40:19-88
221            android:exported="false"
221-->src\main\AndroidManifest.xml:40:89-113
222            android:grantUriPermissions="true" >
222-->src\main\AndroidManifest.xml:40:114-148
223            <meta-data
223-->src\main\AndroidManifest.xml:29:13-134
224                android:name="android.support.FILE_PROVIDER_PATHS"
224-->src\main\AndroidManifest.xml:29:24-74
225                android:resource="@xml/camera_provider_paths" />
225-->src\main\AndroidManifest.xml:29:75-131
226        </provider>
227        <provider
228            android:name="io.github.pwlin.cordova.plugins.fileopener2.FileProvider"
228-->src\main\AndroidManifest.xml:43:139-210
229            android:authorities="com.moodle.golearn.fileOpener2.provider"
229-->src\main\AndroidManifest.xml:43:19-78
230            android:exported="false"
230-->src\main\AndroidManifest.xml:43:79-103
231            android:grantUriPermissions="true" >
231-->src\main\AndroidManifest.xml:43:104-138
232            <meta-data
232-->src\main\AndroidManifest.xml:29:13-134
233                android:name="android.support.FILE_PROVIDER_PATHS"
233-->src\main\AndroidManifest.xml:29:24-74
234                android:resource="@xml/opener_paths" />
234-->src\main\AndroidManifest.xml:29:75-131
235        </provider>
236
237        <activity
237-->src\main\AndroidManifest.xml:46:9-185
238            android:name="de.appplant.cordova.plugin.localnotification.ClickHandlerActivity"
238-->src\main\AndroidManifest.xml:46:78-158
239            android:excludeFromRecents="true"
239-->src\main\AndroidManifest.xml:46:19-52
240            android:exported="false"
240-->src\main\AndroidManifest.xml:46:53-77
241            android:taskAffinity="" />
241-->src\main\AndroidManifest.xml:46:159-182
242        <activity
243            android:name="com.adobe.phonegap.push.PushHandlerActivity"
243-->src\main\AndroidManifest.xml:47:43-101
244            android:exported="true"
244-->src\main\AndroidManifest.xml:47:19-42
245            android:permission="com.moodle.golearn.permission.PushHandlerActivity" />
245-->src\main\AndroidManifest.xml:47:102-170
246        <activity
247            android:name="com.adobe.phonegap.push.BackgroundHandlerActivity"
247-->src\main\AndroidManifest.xml:48:43-107
248            android:exported="true"
248-->src\main\AndroidManifest.xml:48:19-42
249            android:permission="com.moodle.golearn.permission.BackgroundHandlerActivity" >
249-->src\main\AndroidManifest.xml:48:108-182
250            <intent-filter>
250-->src\main\AndroidManifest.xml:49:13-52:29
251                <action android:name="com.adobe.phonegap.push.background.MESSAGING_EVENT" />
251-->src\main\AndroidManifest.xml:50:17-93
251-->src\main\AndroidManifest.xml:50:25-90
252
253                <category android:name="android.intent.category.DEFAULT" />
253-->src\main\AndroidManifest.xml:13:17-76
253-->src\main\AndroidManifest.xml:13:27-73
254            </intent-filter>
255        </activity>
256
257        <receiver android:name="com.adobe.phonegap.push.BackgroundActionButtonHandler" />
257-->src\main\AndroidManifest.xml:54:9-90
257-->src\main\AndroidManifest.xml:54:19-87
258        <receiver android:name="com.adobe.phonegap.push.PushDismissedHandler" />
258-->src\main\AndroidManifest.xml:55:9-81
258-->src\main\AndroidManifest.xml:55:19-78
259
260        <service
260-->src\main\AndroidManifest.xml:56:9-60:19
261            android:name="com.adobe.phonegap.push.FCMService"
261-->src\main\AndroidManifest.xml:56:42-91
262            android:exported="true" >
262-->src\main\AndroidManifest.xml:56:18-41
263            <intent-filter>
263-->src\main\AndroidManifest.xml:57:13-59:29
264                <action android:name="com.google.firebase.MESSAGING_EVENT" />
264-->src\main\AndroidManifest.xml:58:17-78
264-->src\main\AndroidManifest.xml:58:25-75
265            </intent-filter>
266        </service>
267
268        <provider
269            android:name="com.darryncampbell.cordova.plugin.intent.CordovaPluginIntentFileProvider"
269-->src\main\AndroidManifest.xml:61:168-255
270            android:authorities="com.moodle.golearn.darryncampbell.cordova.plugin.intent.fileprovider"
270-->src\main\AndroidManifest.xml:61:19-107
271            android:exported="false"
271-->src\main\AndroidManifest.xml:61:108-132
272            android:grantUriPermissions="true" >
272-->src\main\AndroidManifest.xml:61:133-167
273            <meta-data
273-->src\main\AndroidManifest.xml:29:13-134
274                android:name="android.support.FILE_PROVIDER_PATHS"
274-->src\main\AndroidManifest.xml:29:24-74
275                android:resource="@xml/provider_paths" />
275-->src\main\AndroidManifest.xml:29:75-131
276        </provider>
277
278        <activity
278-->src\main\AndroidManifest.xml:64:9-151
279            android:name="de.niklasmerz.cordova.biometric.BiometricActivity"
279-->src\main\AndroidManifest.xml:64:44-108
280            android:exported="false"
280-->src\main\AndroidManifest.xml:64:19-43
281            android:theme="@style/TransparentTheme" />
281-->src\main\AndroidManifest.xml:64:109-148
282
283        <meta-data
283-->src\main\AndroidManifest.xml:65:9-101
284            android:name="firebase_analytics_collection_deactivated"
284-->src\main\AndroidManifest.xml:65:20-76
285            android:value="false" />
285-->src\main\AndroidManifest.xml:65:77-98
286
287        <activity
287-->[com.journeyapps:zxing-android-embedded:3.3.0] AndroidManifest.xml:46:9-52:63
288            android:name="com.journeyapps.barcodescanner.CaptureActivity"
288-->[com.journeyapps:zxing-android-embedded:3.3.0] AndroidManifest.xml:47:13-74
289            android:clearTaskOnLaunch="true"
289-->[com.journeyapps:zxing-android-embedded:3.3.0] AndroidManifest.xml:48:13-45
290            android:screenOrientation="sensorLandscape"
290-->[com.journeyapps:zxing-android-embedded:3.3.0] AndroidManifest.xml:49:13-56
291            android:stateNotNeeded="true"
291-->[com.journeyapps:zxing-android-embedded:3.3.0] AndroidManifest.xml:50:13-42
292            android:theme="@style/zxing_CaptureTheme"
292-->[com.journeyapps:zxing-android-embedded:3.3.0] AndroidManifest.xml:51:13-54
293            android:windowSoftInputMode="stateAlwaysHidden" />
293-->[com.journeyapps:zxing-android-embedded:3.3.0] AndroidManifest.xml:52:13-60
294        <activity
294-->[androidx.biometric:biometric:1.0.1] AndroidManifest.xml:28:9-31:67
295            android:name="androidx.biometric.DeviceCredentialHandlerActivity"
295-->[androidx.biometric:biometric:1.0.1] AndroidManifest.xml:29:13-78
296            android:exported="true"
296-->[androidx.biometric:biometric:1.0.1] AndroidManifest.xml:30:13-36
297            android:theme="@style/DeviceCredentialHandlerTheme" />
297-->[androidx.biometric:biometric:1.0.1] AndroidManifest.xml:31:13-64
298
299        <receiver
299-->[com.google.firebase:firebase-messaging:23.4.1] AndroidManifest.xml:29:9-40:20
300            android:name="com.google.firebase.iid.FirebaseInstanceIdReceiver"
300-->[com.google.firebase:firebase-messaging:23.4.1] AndroidManifest.xml:30:13-78
301            android:exported="true"
301-->[com.google.firebase:firebase-messaging:23.4.1] AndroidManifest.xml:31:13-36
302            android:permission="com.google.android.c2dm.permission.SEND" >
302-->[com.google.firebase:firebase-messaging:23.4.1] AndroidManifest.xml:32:13-73
303            <intent-filter>
303-->[com.google.firebase:firebase-messaging:23.4.1] AndroidManifest.xml:33:13-35:29
304                <action android:name="com.google.android.c2dm.intent.RECEIVE" />
304-->[com.google.firebase:firebase-messaging:23.4.1] AndroidManifest.xml:34:17-81
304-->[com.google.firebase:firebase-messaging:23.4.1] AndroidManifest.xml:34:25-78
305            </intent-filter>
306
307            <meta-data
307-->[com.google.firebase:firebase-messaging:23.4.1] AndroidManifest.xml:37:13-39:40
308                android:name="com.google.android.gms.cloudmessaging.FINISHED_AFTER_HANDLED"
308-->[com.google.firebase:firebase-messaging:23.4.1] AndroidManifest.xml:38:17-92
309                android:value="true" />